src/controllers/adminController.ts(1294,9): error TS2322: Type '{ userId: number; employeeNumber: string; department: any; position: any; salary: number; joiningDate: Date; status: string; bankAccount: any; }' is not assignable to type '(Without<EmployeeProfileCreateInput, EmployeeProfileUncheckedCreateInput> & EmployeeProfileUncheckedCreateInput) | (Without<...> & EmployeeProfileCreateInput)'.
  Type '{ userId: number; employeeNumber: string; department: any; position: any; salary: number; joiningDate: Date; status: string; bankAccount: any; }' is not assignable to type 'Without<EmployeeProfileUncheckedCreateInput, EmployeeProfileCreateInput> & EmployeeProfileCreateInput'.
    Type '{ userId: number; employeeNumber: string; department: any; position: any; salary: number; joiningDate: Date; status: string; bankAccount: any; }' is not assignable to type 'Without<EmployeeProfileUncheckedCreateInput, EmployeeProfileCreateInput>'.
      Types of property 'userId' are incompatible.
        Type 'number' is not assignable to type 'never'.
src/controllers/adminController.ts(1458,9): error TS2322: Type '{ walletId: number; type: string; amount: number; description: string; status: string; reference: string; }' is not assignable to type '(Without<WalletTransactionCreateInput, WalletTransactionUncheckedCreateInput> & WalletTransactionUncheckedCreateInput) | (Without<...> & WalletTransactionCreateInput)'.
  Type '{ walletId: number; type: string; amount: number; description: string; status: string; reference: string; }' is not assignable to type 'Without<WalletTransactionUncheckedCreateInput, WalletTransactionCreateInput> & WalletTransactionCreateInput'.
    Type '{ walletId: number; type: string; amount: number; description: string; status: string; reference: string; }' is not assignable to type 'Without<WalletTransactionUncheckedCreateInput, WalletTransactionCreateInput>'.
      Types of property 'walletId' are incompatible.
        Type 'number' is not assignable to type 'never'.
src/controllers/adminController.ts(1549,7): error TS2322: Type '{ uid: any; pin: any; status: string; balance: number; cardType: any; cardholderName: any; nationalId: any; phone: any; email: any; province: any; district: any; sector: any; cell: any; streetAddress: any; landmark: any; consumerId: any; }' is not assignable to type '(Without<NfcCardCreateInput, NfcCardUncheckedCreateInput> & NfcCardUncheckedCreateInput) | (Without<...> & NfcCardCreateInput)'.
  Type '{ uid: any; pin: any; status: string; balance: number; cardType: any; cardholderName: any; nationalId: any; phone: any; email: any; province: any; district: any; sector: any; cell: any; streetAddress: any; landmark: any; consumerId: any; }' is not assignable to type 'Without<NfcCardUncheckedCreateInput, NfcCardCreateInput> & NfcCardCreateInput'.
    Type '{ uid: any; pin: any; status: string; balance: number; cardType: any; cardholderName: any; nationalId: any; phone: any; email: any; province: any; district: any; sector: any; cell: any; streetAddress: any; landmark: any; consumerId: any; }' is not assignable to type 'Without<NfcCardUncheckedCreateInput, NfcCardCreateInput>'.
      Types of property 'consumerId' are incompatible.
        Type 'any' is not assignable to type 'never'.
src/controllers/adminController.ts(1739,9): error TS2322: Type '{ retailerShare: number; companyShare: number; gasRewardShare: number; gasPricePerM3: number; minGasTopup: number; maxGasTopup: number; minWalletTopup: number; maxWalletTopup: number; maxDailyTransaction: number; maxCreditLimit: number; }' is not assignable to type '(Without<SystemConfigCreateInput, SystemConfigUncheckedCreateInput> & SystemConfigUncheckedCreateInput) | (Without<...> & SystemConfigCreateInput)'.
  Type '{ retailerShare: number; companyShare: number; gasRewardShare: number; gasPricePerM3: number; minGasTopup: number; maxGasTopup: number; minWalletTopup: number; maxWalletTopup: number; maxDailyTransaction: number; maxCreditLimit: number; }' is not assignable to type 'Without<SystemConfigUncheckedCreateInput, SystemConfigCreateInput> & SystemConfigCreateInput'.
    Property 'updatedAt' is missing in type '{ retailerShare: number; companyShare: number; gasRewardShare: number; gasPricePerM3: number; minGasTopup: number; maxGasTopup: number; minWalletTopup: number; maxWalletTopup: number; maxDailyTransaction: number; maxCreditLimit: number; }' but required in type 'SystemConfigCreateInput'.
src/controllers/customerController.ts(204,13): error TS2322: Type '{ walletId: number; type: string; amount: any; description: string; status: string; }' is not assignable to type '(Without<WalletTransactionCreateInput, WalletTransactionUncheckedCreateInput> & WalletTransactionUncheckedCreateInput) | (Without<...> & WalletTransactionCreateInput)'.
  Type '{ walletId: number; type: string; amount: any; description: string; status: string; }' is not assignable to type 'Without<WalletTransactionUncheckedCreateInput, WalletTransactionCreateInput> & WalletTransactionCreateInput'.
    Type '{ walletId: number; type: string; amount: any; description: string; status: string; }' is not assignable to type 'Without<WalletTransactionUncheckedCreateInput, WalletTransactionCreateInput>'.
      Types of property 'walletId' are incompatible.
        Type 'number' is not assignable to type 'never'.
src/controllers/customerController.ts(260,13): error TS2322: Type '{ walletId: number; type: string; amount: any; description: any; status: string; }' is not assignable to type '(Without<WalletTransactionCreateInput, WalletTransactionUncheckedCreateInput> & WalletTransactionUncheckedCreateInput) | (Without<...> & WalletTransactionCreateInput)'.
  Type '{ walletId: number; type: string; amount: any; description: any; status: string; }' is not assignable to type 'Without<WalletTransactionUncheckedCreateInput, WalletTransactionCreateInput> & WalletTransactionCreateInput'.
    Type '{ walletId: number; type: string; amount: any; description: any; status: string; }' is not assignable to type 'Without<WalletTransactionUncheckedCreateInput, WalletTransactionCreateInput>'.
      Types of property 'walletId' are incompatible.
        Type 'number' is not assignable to type 'never'.
src/controllers/customerController.ts(661,13): error TS2322: Type '{ walletId: number; type: string; amount: number; description: string; status: string; }' is not assignable to type '(Without<WalletTransactionCreateInput, WalletTransactionUncheckedCreateInput> & WalletTransactionUncheckedCreateInput) | (Without<...> & WalletTransactionCreateInput)'.
  Type '{ walletId: number; type: string; amount: number; description: string; status: string; }' is not assignable to type 'Without<WalletTransactionUncheckedCreateInput, WalletTransactionCreateInput> & WalletTransactionCreateInput'.
    Type '{ walletId: number; type: string; amount: number; description: string; status: string; }' is not assignable to type 'Without<WalletTransactionUncheckedCreateInput, WalletTransactionCreateInput>'.
      Types of property 'walletId' are incompatible.
        Type 'number' is not assignable to type 'never'.
src/controllers/customerController.ts(672,13): error TS2322: Type '{ consumerId: number; units: number; source: string; reference: string; }' is not assignable to type '(Without<GasRewardCreateInput, GasRewardUncheckedCreateInput> & GasRewardUncheckedCreateInput) | (Without<...> & GasRewardCreateInput)'.
  Type '{ consumerId: number; units: number; source: string; reference: string; }' is not assignable to type 'Without<GasRewardUncheckedCreateInput, GasRewardCreateInput> & GasRewardCreateInput'.
    Type '{ consumerId: number; units: number; source: string; reference: string; }' is not assignable to type 'Without<GasRewardUncheckedCreateInput, GasRewardCreateInput>'.
      Types of property 'consumerId' are incompatible.
        Type 'number' is not assignable to type 'never'.
src/controllers/employeeController.ts(290,7): error TS2322: Type '{ employeeId: number; type: any; startDate: Date; endDate: Date; reason: any; }' is not assignable to type '(Without<LeaveRequestCreateInput, LeaveRequestUncheckedCreateInput> & LeaveRequestUncheckedCreateInput) | (Without<...> & LeaveRequestCreateInput)'.
  Type '{ employeeId: number; type: any; startDate: Date; endDate: Date; reason: any; }' is not assignable to type 'Without<LeaveRequestUncheckedCreateInput, LeaveRequestCreateInput> & LeaveRequestCreateInput'.
    Type '{ employeeId: number; type: any; startDate: Date; endDate: Date; reason: any; }' is not assignable to type 'Without<LeaveRequestUncheckedCreateInput, LeaveRequestCreateInput>'.
      Types of property 'employeeId' are incompatible.
        Type 'number' is not assignable to type 'never'.
src/controllers/employeeController.ts(379,7): error TS2322: Type '{ employeeId: number; companyName: any; companyType: any; accountNumber: any; accountHolderName: any; monthlyAmount: any; paymentDay: any; startDate: Date; endDate: Date; notes: any; }' is not assignable to type '(Without<BillPaymentCreateInput, BillPaymentUncheckedCreateInput> & BillPaymentUncheckedCreateInput) | (Without<...> & BillPaymentCreateInput)'.
  Type '{ employeeId: number; companyName: any; companyType: any; accountNumber: any; accountHolderName: any; monthlyAmount: any; paymentDay: any; startDate: Date; endDate: Date; notes: any; }' is not assignable to type 'Without<BillPaymentUncheckedCreateInput, BillPaymentCreateInput> & BillPaymentCreateInput'.
    Type '{ employeeId: number; companyName: any; companyType: any; accountNumber: any; accountHolderName: any; monthlyAmount: any; paymentDay: any; startDate: Date; endDate: Date; notes: any; }' is not assignable to type 'Without<BillPaymentUncheckedCreateInput, BillPaymentCreateInput>'.
      Types of property 'employeeId' are incompatible.
        Type 'number' is not assignable to type 'never'.
src/controllers/gasController.ts(72,13): error TS2322: Type '{ consumerId: number; meterNumber: any; aliasName: any; ownerName: any; ownerPhone: any; status: string; }' is not assignable to type '(Without<GasMeterCreateInput, GasMeterUncheckedCreateInput> & GasMeterUncheckedCreateInput) | (Without<...> & GasMeterCreateInput)'.
  Type '{ consumerId: number; meterNumber: any; aliasName: any; ownerName: any; ownerPhone: any; status: string; }' is not assignable to type 'Without<GasMeterUncheckedCreateInput, GasMeterCreateInput> & GasMeterCreateInput'.
    Type '{ consumerId: number; meterNumber: any; aliasName: any; ownerName: any; ownerPhone: any; status: string; }' is not assignable to type 'Without<GasMeterUncheckedCreateInput, GasMeterCreateInput>'.
      Types of property 'consumerId' are incompatible.
        Type 'number' is not assignable to type 'never'.
src/controllers/gasController.ts(182,13): error TS2322: Type '{ consumerId: number; meterId: number; amount: any; units: number; currency: string; status: string; }' is not assignable to type '(Without<GasTopupCreateInput, GasTopupUncheckedCreateInput> & GasTopupUncheckedCreateInput) | (Without<...> & GasTopupCreateInput)'.
  Type '{ consumerId: number; meterId: number; amount: any; units: number; currency: string; status: string; }' is not assignable to type 'Without<GasTopupUncheckedCreateInput, GasTopupCreateInput> & GasTopupCreateInput'.
    Type '{ consumerId: number; meterId: number; amount: any; units: number; currency: string; status: string; }' is not assignable to type 'Without<GasTopupUncheckedCreateInput, GasTopupCreateInput>'.
      Types of property 'consumerId' are incompatible.
        Type 'number' is not assignable to type 'never'.
src/controllers/gasController.ts(194,13): error TS2322: Type '{ consumerId: number; orderType: string; status: string; amount: any; currency: string; items: string; metadata: string; }' is not assignable to type '(Without<CustomerOrderCreateInput, CustomerOrderUncheckedCreateInput> & CustomerOrderUncheckedCreateInput) | (Without<...> & CustomerOrderCreateInput)'.
  Type '{ consumerId: number; orderType: string; status: string; amount: any; currency: string; items: string; metadata: string; }' is not assignable to type 'Without<CustomerOrderUncheckedCreateInput, CustomerOrderCreateInput> & CustomerOrderCreateInput'.
    Type '{ consumerId: number; orderType: string; status: string; amount: any; currency: string; items: string; metadata: string; }' is not assignable to type 'Without<CustomerOrderUncheckedCreateInput, CustomerOrderCreateInput>'.
      Types of property 'consumerId' are incompatible.
        Type 'number' is not assignable to type 'never'.
src/controllers/gasController.ts(217,13): error TS2322: Type '{ walletId: number; type: string; amount: any; description: string; reference: string; status: string; }' is not assignable to type '(Without<WalletTransactionCreateInput, WalletTransactionUncheckedCreateInput> & WalletTransactionUncheckedCreateInput) | (Without<...> & WalletTransactionCreateInput)'.
  Type '{ walletId: number; type: string; amount: any; description: string; reference: string; status: string; }' is not assignable to type 'Without<WalletTransactionUncheckedCreateInput, WalletTransactionCreateInput> & WalletTransactionCreateInput'.
    Type '{ walletId: number; type: string; amount: any; description: string; reference: string; status: string; }' is not assignable to type 'Without<WalletTransactionUncheckedCreateInput, WalletTransactionCreateInput>'.
      Types of property 'walletId' are incompatible.
        Type 'number' is not assignable to type 'never'.
src/controllers/gasController.ts(230,13): error TS2322: Type '{ consumerId: number; units: number; source: string; reference: string; }' is not assignable to type '(Without<GasRewardCreateInput, GasRewardUncheckedCreateInput> & GasRewardUncheckedCreateInput) | (Without<...> & GasRewardCreateInput)'.
  Type '{ consumerId: number; units: number; source: string; reference: string; }' is not assignable to type 'Without<GasRewardUncheckedCreateInput, GasRewardCreateInput> & GasRewardCreateInput'.
    Type '{ consumerId: number; units: number; source: string; reference: string; }' is not assignable to type 'Without<GasRewardUncheckedCreateInput, GasRewardCreateInput>'.
      Types of property 'consumerId' are incompatible.
        Type 'number' is not assignable to type 'never'.
src/controllers/nfcController.ts(94,13): error TS2322: Type '{ uid: any; pin: any; consumerId: number; status: string; }' is not assignable to type '(Without<NfcCardCreateInput, NfcCardUncheckedCreateInput> & NfcCardUncheckedCreateInput) | (Without<...> & NfcCardCreateInput)'.
  Type '{ uid: any; pin: any; consumerId: number; status: string; }' is not assignable to type 'Without<NfcCardUncheckedCreateInput, NfcCardCreateInput> & NfcCardCreateInput'.
    Type '{ uid: any; pin: any; consumerId: number; status: string; }' is not assignable to type 'Without<NfcCardUncheckedCreateInput, NfcCardCreateInput>'.
      Types of property 'consumerId' are incompatible.
        Type 'number' is not assignable to type 'never'.
src/controllers/nfcController.ts(359,21): error TS2322: Type '{ walletId: number; type: string; amount: number; description: string; status: string; reference: string; }' is not assignable to type '(Without<WalletTransactionCreateInput, WalletTransactionUncheckedCreateInput> & WalletTransactionUncheckedCreateInput) | (Without<...> & WalletTransactionCreateInput)'.
  Type '{ walletId: number; type: string; amount: number; description: string; status: string; reference: string; }' is not assignable to type 'Without<WalletTransactionUncheckedCreateInput, WalletTransactionCreateInput> & WalletTransactionCreateInput'.
    Type '{ walletId: number; type: string; amount: number; description: string; status: string; reference: string; }' is not assignable to type 'Without<WalletTransactionUncheckedCreateInput, WalletTransactionCreateInput>'.
      Types of property 'walletId' are incompatible.
        Type 'number' is not assignable to type 'never'.
src/controllers/nfcController.ts(378,21): error TS2322: Type '{ walletId: number; type: string; amount: number; description: string; status: string; reference: string; }' is not assignable to type '(Without<WalletTransactionCreateInput, WalletTransactionUncheckedCreateInput> & WalletTransactionUncheckedCreateInput) | (Without<...> & WalletTransactionCreateInput)'.
  Type '{ walletId: number; type: string; amount: number; description: string; status: string; reference: string; }' is not assignable to type 'Without<WalletTransactionUncheckedCreateInput, WalletTransactionCreateInput> & WalletTransactionCreateInput'.
    Type '{ walletId: number; type: string; amount: number; description: string; status: string; reference: string; }' is not assignable to type 'Without<WalletTransactionUncheckedCreateInput, WalletTransactionCreateInput>'.
      Types of property 'walletId' are incompatible.
        Type 'number' is not assignable to type 'never'.
src/controllers/recruitmentController.ts(35,13): error TS2322: Type '{ title: any; department: any; type: any; salaryMin: number; salaryMax: number; location: any; description: any; status: string; }' is not assignable to type '(Without<JobPostingCreateInput, JobPostingUncheckedCreateInput> & JobPostingUncheckedCreateInput) | (Without<...> & JobPostingCreateInput)'.
  Type '{ title: any; department: any; type: any; salaryMin: number; salaryMax: number; location: any; description: any; status: string; }' is not assignable to type 'Without<JobPostingUncheckedCreateInput, JobPostingCreateInput> & JobPostingCreateInput'.
    Property 'updatedAt' is missing in type '{ title: any; department: any; type: any; salaryMin: number; salaryMax: number; location: any; description: any; status: string; }' but required in type 'JobPostingCreateInput'.
src/controllers/recruitmentController.ts(122,13): error TS2322: Type '{ jobId: any; name: any; email: any; phone: any; resumeUrl: any; }' is not assignable to type '(Without<JobApplicationCreateInput, JobApplicationUncheckedCreateInput> & JobApplicationUncheckedCreateInput) | (Without<...> & JobApplicationCreateInput)'.
  Type '{ jobId: any; name: any; email: any; phone: any; resumeUrl: any; }' is not assignable to type 'Without<JobApplicationUncheckedCreateInput, JobApplicationCreateInput> & JobApplicationCreateInput'.
    Type '{ jobId: any; name: any; email: any; phone: any; resumeUrl: any; }' is not assignable to type 'Without<JobApplicationUncheckedCreateInput, JobApplicationCreateInput>'.
      Types of property 'jobId' are incompatible.
        Type 'any' is not assignable to type 'never'.
src/controllers/retailerController.ts(795,13): error TS2322: Type '{ walletId: number; type: string; amount: number; description: string; status: string; reference: string; }' is not assignable to type '(Without<WalletTransactionCreateInput, WalletTransactionUncheckedCreateInput> & WalletTransactionUncheckedCreateInput) | (Without<...> & WalletTransactionCreateInput)'.
  Type '{ walletId: number; type: string; amount: number; description: string; status: string; reference: string; }' is not assignable to type 'Without<WalletTransactionUncheckedCreateInput, WalletTransactionCreateInput> & WalletTransactionCreateInput'.
    Type '{ walletId: number; type: string; amount: number; description: string; status: string; reference: string; }' is not assignable to type 'Without<WalletTransactionUncheckedCreateInput, WalletTransactionCreateInput>'.
      Types of property 'walletId' are incompatible.
        Type 'number' is not assignable to type 'never'.
src/controllers/retailerController.ts(1094,9): error TS2322: Type '{ retailerId: number; creditLimit: number; usedCredit: number; availableCredit: number; }' is not assignable to type '(Without<RetailerCreditCreateInput, RetailerCreditUncheckedCreateInput> & RetailerCreditUncheckedCreateInput) | (Without<...> & RetailerCreditCreateInput)'.
  Type '{ retailerId: number; creditLimit: number; usedCredit: number; availableCredit: number; }' is not assignable to type 'Without<RetailerCreditUncheckedCreateInput, RetailerCreditCreateInput> & RetailerCreditCreateInput'.
    Type '{ retailerId: number; creditLimit: number; usedCredit: number; availableCredit: number; }' is not assignable to type 'Without<RetailerCreditUncheckedCreateInput, RetailerCreditCreateInput>'.
      Types of property 'retailerId' are incompatible.
        Type 'number' is not assignable to type 'never'.
src/controllers/retailerController.ts(1228,7): error TS2322: Type '{ retailerId: number; amount: number; reason: any; status: string; }' is not assignable to type '(Without<CreditRequestCreateInput, CreditRequestUncheckedCreateInput> & CreditRequestUncheckedCreateInput) | (Without<...> & CreditRequestCreateInput)'.
  Type '{ retailerId: number; amount: number; reason: any; status: string; }' is not assignable to type 'Without<CreditRequestUncheckedCreateInput, CreditRequestCreateInput> & CreditRequestCreateInput'.
    Type '{ retailerId: number; amount: number; reason: any; status: string; }' is not assignable to type 'Without<CreditRequestUncheckedCreateInput, CreditRequestCreateInput>'.
      Types of property 'retailerId' are incompatible.
        Type 'number' is not assignable to type 'never'.
src/controllers/retailersController.ts(29,25): error TS2353: Object literal may only specify known properties, and 'credit' does not exist in type 'RetailerProfileInclude<DefaultArgs>'.
src/controllers/retailersController.ts(40,58): error TS2339: Property 'retailerProfile' does not exist on type '{ id: number; createdAt: Date; updatedAt: Date; retailerId: number; wholesalerId: number; status: string; totalAmount: number; }'.
src/controllers/retailersController.ts(124,17): error TS2353: Object literal may only specify known properties, and 'credit' does not exist in type 'RetailerProfileInclude<DefaultArgs>'.
src/controllers/retailersController.ts(314,25): error TS2353: Object literal may only specify known properties, and 'credit' does not exist in type 'RetailerProfileInclude<DefaultArgs>'.
src/controllers/retailersController.ts(325,37): error TS2339: Property 'retailerProfile' does not exist on type '{ id: number; createdAt: Date; updatedAt: Date; retailerId: number; status: string; amount: number; reason: string; reviewedAt: Date; reviewNotes: string; }'.
src/controllers/retailersController.ts(326,37): error TS2339: Property 'retailerProfile' does not exist on type '{ id: number; createdAt: Date; updatedAt: Date; retailerId: number; status: string; amount: number; reason: string; reviewedAt: Date; reviewNotes: string; }'.
src/controllers/retailersController.ts(327,38): error TS2339: Property 'retailerProfile' does not exist on type '{ id: number; createdAt: Date; updatedAt: Date; retailerId: number; status: string; amount: number; reason: string; reviewedAt: Date; reviewNotes: string; }'.
src/controllers/retailersController.ts(328,38): error TS2339: Property 'retailerProfile' does not exist on type '{ id: number; createdAt: Date; updatedAt: Date; retailerId: number; status: string; amount: number; reason: string; reviewedAt: Date; reviewNotes: string; }'.
src/controllers/retailersController.ts(329,36): error TS2339: Property 'retailerProfile' does not exist on type '{ id: number; createdAt: Date; updatedAt: Date; retailerId: number; status: string; amount: number; reason: string; reviewedAt: Date; reviewNotes: string; }'.
src/controllers/retailersController.ts(384,32): error TS2353: Object literal may only specify known properties, and 'credit' does not exist in type 'RetailerProfileInclude<DefaultArgs>'.
src/controllers/retailersController.ts(390,27): error TS2339: Property 'retailerProfile' does not exist on type '{ id: number; createdAt: Date; updatedAt: Date; retailerId: number; status: string; amount: number; reason: string; reviewedAt: Date; reviewNotes: string; }'.
src/controllers/retailersController.ts(392,44): error TS2339: Property 'retailerProfile' does not exist on type '{ id: number; createdAt: Date; updatedAt: Date; retailerId: number; status: string; amount: number; reason: string; reviewedAt: Date; reviewNotes: string; }'.
src/controllers/retailersController.ts(394,48): error TS2339: Property 'retailerProfile' does not exist on type '{ id: number; createdAt: Date; updatedAt: Date; retailerId: number; status: string; amount: number; reason: string; reviewedAt: Date; reviewNotes: string; }'.
src/controllers/retailersController.ts(395,52): error TS2339: Property 'retailerProfile' does not exist on type '{ id: number; createdAt: Date; updatedAt: Date; retailerId: number; status: string; amount: number; reason: string; reviewedAt: Date; reviewNotes: string; }'.
src/controllers/retailersController.ts(476,17): error TS2322: Type '{ retailerId: number; creditLimit: number; availableCredit: number; usedCredit: number; }' is not assignable to type '(Without<RetailerCreditCreateInput, RetailerCreditUncheckedCreateInput> & RetailerCreditUncheckedCreateInput) | (Without<...> & RetailerCreditCreateInput)'.
  Type '{ retailerId: number; creditLimit: number; availableCredit: number; usedCredit: number; }' is not assignable to type 'Without<RetailerCreditUncheckedCreateInput, RetailerCreditCreateInput> & RetailerCreditCreateInput'.
    Type '{ retailerId: number; creditLimit: number; availableCredit: number; usedCredit: number; }' is not assignable to type 'Without<RetailerCreditUncheckedCreateInput, RetailerCreditCreateInput>'.
      Types of property 'retailerId' are incompatible.
        Type 'number' is not assignable to type 'never'.
src/controllers/rewardsController.ts(129,13): error TS2322: Type '{ consumerId: number; units: number; source: string; reference: any; }' is not assignable to type '(Without<GasRewardCreateInput, GasRewardUncheckedCreateInput> & GasRewardUncheckedCreateInput) | (Without<...> & GasRewardCreateInput)'.
  Type '{ consumerId: number; units: number; source: string; reference: any; }' is not assignable to type 'Without<GasRewardUncheckedCreateInput, GasRewardCreateInput> & GasRewardCreateInput'.
    Type '{ consumerId: number; units: number; source: string; reference: any; }' is not assignable to type 'Without<GasRewardUncheckedCreateInput, GasRewardCreateInput>'.
      Types of property 'consumerId' are incompatible.
        Type 'number' is not assignable to type 'never'.
src/controllers/rewardsController.ts(277,13): error TS2322: Type '{ walletId: number; type: string; amount: number; description: string; status: string; }' is not assignable to type '(Without<WalletTransactionCreateInput, WalletTransactionUncheckedCreateInput> & WalletTransactionUncheckedCreateInput) | (Without<...> & WalletTransactionCreateInput)'.
  Type '{ walletId: number; type: string; amount: number; description: string; status: string; }' is not assignable to type 'Without<WalletTransactionUncheckedCreateInput, WalletTransactionCreateInput> & WalletTransactionCreateInput'.
    Type '{ walletId: number; type: string; amount: number; description: string; status: string; }' is not assignable to type 'Without<WalletTransactionUncheckedCreateInput, WalletTransactionCreateInput>'.
      Types of property 'walletId' are incompatible.
        Type 'number' is not assignable to type 'never'.
src/controllers/storeController.ts(40,11): error TS2322: Type '{ walletId: number; type: string; amount: number; description: string; status: string; }' is not assignable to type '(Without<WalletTransactionCreateInput, WalletTransactionUncheckedCreateInput> & WalletTransactionUncheckedCreateInput) | (Without<...> & WalletTransactionCreateInput)'.
  Type '{ walletId: number; type: string; amount: number; description: string; status: string; }' is not assignable to type 'Without<WalletTransactionUncheckedCreateInput, WalletTransactionCreateInput> & WalletTransactionCreateInput'.
    Type '{ walletId: number; type: string; amount: number; description: string; status: string; }' is not assignable to type 'Without<WalletTransactionUncheckedCreateInput, WalletTransactionCreateInput>'.
      Types of property 'walletId' are incompatible.
        Type 'number' is not assignable to type 'never'.
src/controllers/storeController.ts(554,11): error TS2322: Type '{ walletId: number; type: string; amount: number; description: string; status: string; reference: string; }' is not assignable to type '(Without<WalletTransactionCreateInput, WalletTransactionUncheckedCreateInput> & WalletTransactionUncheckedCreateInput) | (Without<...> & WalletTransactionCreateInput)'.
  Type '{ walletId: number; type: string; amount: number; description: string; status: string; reference: string; }' is not assignable to type 'Without<WalletTransactionUncheckedCreateInput, WalletTransactionCreateInput> & WalletTransactionCreateInput'.
    Type '{ walletId: number; type: string; amount: number; description: string; status: string; reference: string; }' is not assignable to type 'Without<WalletTransactionUncheckedCreateInput, WalletTransactionCreateInput>'.
      Types of property 'walletId' are incompatible.
        Type 'number' is not assignable to type 'never'.
src/controllers/storeController.ts(576,14): error TS2322: Type '{ walletId: number; type: string; amount: any; description: string; status: string; reference: string; }' is not assignable to type '(Without<WalletTransactionCreateInput, WalletTransactionUncheckedCreateInput> & WalletTransactionUncheckedCreateInput) | (Without<...> & WalletTransactionCreateInput)'.
  Type '{ walletId: number; type: string; amount: any; description: string; status: string; reference: string; }' is not assignable to type 'Without<WalletTransactionUncheckedCreateInput, WalletTransactionCreateInput> & WalletTransactionCreateInput'.
    Type '{ walletId: number; type: string; amount: any; description: string; status: string; reference: string; }' is not assignable to type 'Without<WalletTransactionUncheckedCreateInput, WalletTransactionCreateInput>'.
      Types of property 'walletId' are incompatible.
        Type 'number' is not assignable to type 'never'.
src/controllers/storeController.ts(604,13): error TS2322: Type '{ walletId: number; type: string; amount: number; description: string; status: string; reference: string; }' is not assignable to type '(Without<WalletTransactionCreateInput, WalletTransactionUncheckedCreateInput> & WalletTransactionUncheckedCreateInput) | (Without<...> & WalletTransactionCreateInput)'.
  Type '{ walletId: number; type: string; amount: number; description: string; status: string; reference: string; }' is not assignable to type 'Without<WalletTransactionUncheckedCreateInput, WalletTransactionCreateInput> & WalletTransactionCreateInput'.
    Type '{ walletId: number; type: string; amount: number; description: string; status: string; reference: string; }' is not assignable to type 'Without<WalletTransactionUncheckedCreateInput, WalletTransactionCreateInput>'.
      Types of property 'walletId' are incompatible.
        Type 'number' is not assignable to type 'never'.
src/controllers/trainingController.ts(20,9): error TS2353: Object literal may only specify known properties, and 'enrollments' does not exist in type 'CourseInclude<DefaultArgs>'.
src/controllers/trainingController.ts(77,9): error TS2353: Object literal may only specify known properties, and 'enrollments' does not exist in type 'CourseInclude<DefaultArgs>'.
src/controllers/trainingController.ts(107,23): error TS2339: Property 'lessons' does not exist on type '{ id: number; createdAt: Date; updatedAt: Date; description: string; category: string; title: string; level: course_level; duration: number; instructor: string; totalLessons: number; }'.
src/controllers/wholesalerController.ts(777,11): error TS2322: Type '{ retailerId: number; creditLimit: number; availableCredit: number; usedCredit: number; }' is not assignable to type '(Without<RetailerCreditCreateInput, RetailerCreditUncheckedCreateInput> & RetailerCreditUncheckedCreateInput) | (Without<...> & RetailerCreditCreateInput)'.
  Type '{ retailerId: number; creditLimit: number; availableCredit: number; usedCredit: number; }' is not assignable to type 'Without<RetailerCreditUncheckedCreateInput, RetailerCreditCreateInput> & RetailerCreditCreateInput'.
    Type '{ retailerId: number; creditLimit: number; availableCredit: number; usedCredit: number; }' is not assignable to type 'Without<RetailerCreditUncheckedCreateInput, RetailerCreditCreateInput>'.
      Types of property 'retailerId' are incompatible.
        Type 'number' is not assignable to type 'never'.
src/seed-consumer.ts(94,13): error TS2741: Property 'updatedAt' is missing in type '{ walletId: number; type: string; amount: number; description: string; status: string; }' but required in type 'WalletTransactionCreateManyInput'.
src/seed-consumer.ts(101,13): error TS2741: Property 'updatedAt' is missing in type '{ walletId: number; type: string; amount: number; description: string; reference: string; status: string; }' but required in type 'WalletTransactionCreateManyInput'.
src/seed-consumer.ts(109,13): error TS2741: Property 'updatedAt' is missing in type '{ walletId: number; type: string; amount: number; description: string; status: string; }' but required in type 'WalletTransactionCreateManyInput'.
src/seed-consumer.ts(122,9): error TS2322: Type '{ consumerId: number; meterNumber: string; aliasName: string; ownerName: string; ownerPhone: string; status: string; }' is not assignable to type '(Without<GasMeterCreateInput, GasMeterUncheckedCreateInput> & GasMeterUncheckedCreateInput) | (Without<...> & GasMeterCreateInput)'.
  Type '{ consumerId: number; meterNumber: string; aliasName: string; ownerName: string; ownerPhone: string; status: string; }' is not assignable to type 'Without<GasMeterUncheckedCreateInput, GasMeterCreateInput> & GasMeterCreateInput'.
    Type '{ consumerId: number; meterNumber: string; aliasName: string; ownerName: string; ownerPhone: string; status: string; }' is not assignable to type 'Without<GasMeterUncheckedCreateInput, GasMeterCreateInput>'.
      Types of property 'consumerId' are incompatible.
        Type 'number' is not assignable to type 'never'.
src/seed-consumer.ts(133,9): error TS2322: Type '{ consumerId: number; meterNumber: string; aliasName: string; ownerName: string; ownerPhone: string; status: string; }' is not assignable to type '(Without<GasMeterCreateInput, GasMeterUncheckedCreateInput> & GasMeterUncheckedCreateInput) | (Without<...> & GasMeterCreateInput)'.
  Type '{ consumerId: number; meterNumber: string; aliasName: string; ownerName: string; ownerPhone: string; status: string; }' is not assignable to type 'Without<GasMeterUncheckedCreateInput, GasMeterCreateInput> & GasMeterCreateInput'.
    Type '{ consumerId: number; meterNumber: string; aliasName: string; ownerName: string; ownerPhone: string; status: string; }' is not assignable to type 'Without<GasMeterUncheckedCreateInput, GasMeterCreateInput>'.
      Types of property 'consumerId' are incompatible.
        Type 'number' is not assignable to type 'never'.
src/seed-consumer.ts(147,13): error TS2741: Property 'updatedAt' is missing in type '{ consumerId: number; meterId: number; amount: number; units: number; currency: string; status: string; }' but required in type 'GasTopupCreateManyInput'.
src/seed-consumer.ts(155,13): error TS2741: Property 'updatedAt' is missing in type '{ consumerId: number; meterId: number; amount: number; units: number; currency: string; status: string; }' but required in type 'GasTopupCreateManyInput'.
src/seed-consumer.ts(163,13): error TS2741: Property 'updatedAt' is missing in type '{ consumerId: number; meterId: number; amount: number; units: number; currency: string; status: string; }' but required in type 'GasTopupCreateManyInput'.
src/seed-consumer.ts(171,13): error TS2741: Property 'updatedAt' is missing in type '{ consumerId: number; meterId: number; amount: number; units: number; currency: string; status: string; }' but required in type 'GasTopupCreateManyInput'.
src/seed-consumer.ts(179,13): error TS2741: Property 'updatedAt' is missing in type '{ consumerId: number; meterId: number; amount: number; units: number; currency: string; status: string; }' but required in type 'GasTopupCreateManyInput'.
src/seed-consumer.ts(194,13): error TS2741: Property 'updatedAt' is missing in type '{ consumerId: number; units: number; source: string; reference: string; }' but required in type 'GasRewardCreateManyInput'.
src/seed-consumer.ts(200,13): error TS2741: Property 'updatedAt' is missing in type '{ consumerId: number; units: number; source: string; reference: string; }' but required in type 'GasRewardCreateManyInput'.
src/seed-consumer.ts(206,13): error TS2741: Property 'updatedAt' is missing in type '{ consumerId: number; units: number; source: string; reference: string; }' but required in type 'GasRewardCreateManyInput'.
src/seed-consumer.ts(212,13): error TS2741: Property 'updatedAt' is missing in type '{ consumerId: number; units: number; source: string; reference: string; }' but required in type 'GasRewardCreateManyInput'.
src/seed-consumer.ts(218,13): error TS2741: Property 'updatedAt' is missing in type '{ consumerId: number; units: number; source: string; reference: string; }' but required in type 'GasRewardCreateManyInput'.
src/seed-consumer.ts(224,13): error TS2741: Property 'updatedAt' is missing in type '{ consumerId: number; units: number; source: string; reference: string; }' but required in type 'GasRewardCreateManyInput'.
src/seed-consumer.ts(237,13): error TS2741: Property 'updatedAt' is missing in type '{ consumerId: number; orderType: string; status: string; amount: number; currency: string; items: string; metadata: string; }' but required in type 'CustomerOrderCreateManyInput'.
src/seed-consumer.ts(246,13): error TS2741: Property 'updatedAt' is missing in type '{ consumerId: number; orderType: string; status: string; amount: number; currency: string; items: string; metadata: string; }' but required in type 'CustomerOrderCreateManyInput'.
src/seed-consumer.ts(255,13): error TS2741: Property 'updatedAt' is missing in type '{ consumerId: number; orderType: string; status: string; amount: number; currency: string; items: string; metadata: string; }' but required in type 'CustomerOrderCreateManyInput'.
src/seed-consumer.ts(264,13): error TS2741: Property 'updatedAt' is missing in type '{ consumerId: number; orderType: string; status: string; amount: number; currency: string; items: string; metadata: string; }' but required in type 'CustomerOrderCreateManyInput'.
src/seed-consumer.ts(273,13): error TS2741: Property 'updatedAt' is missing in type '{ consumerId: number; orderType: string; status: string; amount: number; currency: string; items: string; metadata: string; }' but required in type 'CustomerOrderCreateManyInput'.
src/seed-full-management.ts(53,13): error TS2322: Type '{ orderId: number; profitAmount: number; invoiceNumber: string; generatedAt: Date; }' is not assignable to type '(Without<ProfitInvoiceCreateInput, ProfitInvoiceUncheckedCreateInput> & ProfitInvoiceUncheckedCreateInput) | (Without<...> & ProfitInvoiceCreateInput)'.
  Type '{ orderId: number; profitAmount: number; invoiceNumber: string; generatedAt: Date; }' is not assignable to type 'Without<ProfitInvoiceUncheckedCreateInput, ProfitInvoiceCreateInput> & ProfitInvoiceCreateInput'.
    Type '{ orderId: number; profitAmount: number; invoiceNumber: string; generatedAt: Date; }' is not assignable to type 'Without<ProfitInvoiceUncheckedCreateInput, ProfitInvoiceCreateInput>'.
      Types of property 'orderId' are incompatible.
        Type 'number' is not assignable to type 'never'.
src/seed-invoice.ts(38,13): error TS2322: Type '{ orderId: number; profitAmount: number; invoiceNumber: string; generatedAt: Date; }' is not assignable to type '(Without<ProfitInvoiceCreateInput, ProfitInvoiceUncheckedCreateInput> & ProfitInvoiceUncheckedCreateInput) | (Without<...> & ProfitInvoiceCreateInput)'.
  Type '{ orderId: number; profitAmount: number; invoiceNumber: string; generatedAt: Date; }' is not assignable to type 'Without<ProfitInvoiceUncheckedCreateInput, ProfitInvoiceCreateInput> & ProfitInvoiceCreateInput'.
    Type '{ orderId: number; profitAmount: number; invoiceNumber: string; generatedAt: Date; }' is not assignable to type 'Without<ProfitInvoiceUncheckedCreateInput, ProfitInvoiceCreateInput>'.
      Types of property 'orderId' are incompatible.
        Type 'number' is not assignable to type 'never'.
src/seed-suppliers.ts(67,17): error TS2322: Type '{ supplierId: number; wholesalerId: number; amount: number; paymentDate: Date; reference: string; status: string; notes: string; }' is not assignable to type '(Without<SupplierPaymentCreateInput, SupplierPaymentUncheckedCreateInput> & SupplierPaymentUncheckedCreateInput) | (Without<...> & SupplierPaymentCreateInput)'.
  Type '{ supplierId: number; wholesalerId: number; amount: number; paymentDate: Date; reference: string; status: string; notes: string; }' is not assignable to type 'Without<SupplierPaymentUncheckedCreateInput, SupplierPaymentCreateInput> & SupplierPaymentCreateInput'.
    Type '{ supplierId: number; wholesalerId: number; amount: number; paymentDate: Date; reference: string; status: string; notes: string; }' is not assignable to type 'Without<SupplierPaymentUncheckedCreateInput, SupplierPaymentCreateInput>'.
      Types of property 'wholesalerId' are incompatible.
        Type 'number' is not assignable to type 'never'.
src/seed-suppliers.ts(78,17): error TS2322: Type '{ supplierId: number; wholesalerId: number; amount: number; paymentDate: Date; reference: string; status: string; notes: string; }' is not assignable to type '(Without<SupplierPaymentCreateInput, SupplierPaymentUncheckedCreateInput> & SupplierPaymentUncheckedCreateInput) | (Without<...> & SupplierPaymentCreateInput)'.
  Type '{ supplierId: number; wholesalerId: number; amount: number; paymentDate: Date; reference: string; status: string; notes: string; }' is not assignable to type 'Without<SupplierPaymentUncheckedCreateInput, SupplierPaymentCreateInput> & SupplierPaymentCreateInput'.
    Type '{ supplierId: number; wholesalerId: number; amount: number; paymentDate: Date; reference: string; status: string; notes: string; }' is not assignable to type 'Without<SupplierPaymentUncheckedCreateInput, SupplierPaymentCreateInput>'.
      Types of property 'wholesalerId' are incompatible.
        Type 'number' is not assignable to type 'never'.
src/seed-suppliers.ts(89,17): error TS2322: Type '{ supplierId: number; wholesalerId: number; amount: number; paymentDate: Date; reference: string; status: string; notes: string; }' is not assignable to type '(Without<SupplierPaymentCreateInput, SupplierPaymentUncheckedCreateInput> & SupplierPaymentUncheckedCreateInput) | (Without<...> & SupplierPaymentCreateInput)'.
  Type '{ supplierId: number; wholesalerId: number; amount: number; paymentDate: Date; reference: string; status: string; notes: string; }' is not assignable to type 'Without<SupplierPaymentUncheckedCreateInput, SupplierPaymentCreateInput> & SupplierPaymentCreateInput'.
    Type '{ supplierId: number; wholesalerId: number; amount: number; paymentDate: Date; reference: string; status: string; notes: string; }' is not assignable to type 'Without<SupplierPaymentUncheckedCreateInput, SupplierPaymentCreateInput>'.
      Types of property 'wholesalerId' are incompatible.
        Type 'number' is not assignable to type 'never'.
src/seed-wholesale.ts(550,17): error TS2322: Type '{ retailerId: number; creditLimit: number; usedCredit: number; availableCredit: number; }' is not assignable to type '(Without<RetailerCreditCreateInput, RetailerCreditUncheckedCreateInput> & RetailerCreditUncheckedCreateInput) | (Without<...> & RetailerCreditCreateInput)'.
  Type '{ retailerId: number; creditLimit: number; usedCredit: number; availableCredit: number; }' is not assignable to type 'Without<RetailerCreditUncheckedCreateInput, RetailerCreditCreateInput> & RetailerCreditCreateInput'.
    Type '{ retailerId: number; creditLimit: number; usedCredit: number; availableCredit: number; }' is not assignable to type 'Without<RetailerCreditUncheckedCreateInput, RetailerCreditCreateInput>'.
      Types of property 'retailerId' are incompatible.
        Type 'number' is not assignable to type 'never'.
src/seed-wholesale.ts(642,21): error TS2322: Type '{ supplierId: number; amount: number; paymentDate: Date; reference: string; status: string; notes: string; wholesalerId: number; }' is not assignable to type '(Without<SupplierPaymentCreateInput, SupplierPaymentUncheckedCreateInput> & SupplierPaymentUncheckedCreateInput) | (Without<...> & SupplierPaymentCreateInput)'.
  Type '{ supplierId: number; amount: number; paymentDate: Date; reference: string; status: string; notes: string; wholesalerId: number; }' is not assignable to type 'Without<SupplierPaymentUncheckedCreateInput, SupplierPaymentCreateInput> & SupplierPaymentCreateInput'.
    Type '{ supplierId: number; amount: number; paymentDate: Date; reference: string; status: string; notes: string; wholesalerId: number; }' is not assignable to type 'Without<SupplierPaymentUncheckedCreateInput, SupplierPaymentCreateInput>'.
      Types of property 'wholesalerId' are incompatible.
        Type 'number' is not assignable to type 'never'.
src/seed-wholesale.ts(666,17): error TS2322: Type '{ retailerId: any; amount: number; reason: string; status: string; }' is not assignable to type '(Without<CreditRequestCreateInput, CreditRequestUncheckedCreateInput> & CreditRequestUncheckedCreateInput) | (Without<...> & CreditRequestCreateInput)'.
  Type '{ retailerId: any; amount: number; reason: string; status: string; }' is not assignable to type 'Without<CreditRequestUncheckedCreateInput, CreditRequestCreateInput> & CreditRequestCreateInput'.
    Type '{ retailerId: any; amount: number; reason: string; status: string; }' is not assignable to type 'Without<CreditRequestUncheckedCreateInput, CreditRequestCreateInput>'.
      Types of property 'retailerId' are incompatible.
        Type 'any' is not assignable to type 'never'.
src/seed.ts(36,9): error TS2322: Type '{ employeeNumber: string; department: string; position: string; }' is not assignable to type '(Without<EmployeeProfileCreateWithoutUserInput, EmployeeProfileUncheckedCreateWithoutUserInput> & EmployeeProfileUncheckedCreateWithoutUserInput) | (Without<...> & EmployeeProfileCreateWithoutUserInput)'.
  Type '{ employeeNumber: string; department: string; position: string; }' is not assignable to type 'Without<EmployeeProfileUncheckedCreateWithoutUserInput, EmployeeProfileCreateWithoutUserInput> & EmployeeProfileCreateWithoutUserInput'.
    Property 'updatedAt' is missing in type '{ employeeNumber: string; department: string; position: string; }' but required in type 'EmployeeProfileCreateWithoutUserInput'.
